sporeCloud
0
0
0
0
0
100
100
100
100
100
100
100
100
100
100
100
100
100
105.55
111.8
122.75
140.851
164.078
183.894
203.589
222.582
246.826
272.545
300.193
329.71
347.267
367.103
386.038
412.458
448.435
511.843
562.116
647.851
772.761
894.898
1073.45
1173.07
1397.55
1516.31
1142.61
621.4
100
1031.05
2191.3
3259.25
3340.66
3070.79
3024.65
2912.79
2736.72
2530.45
2280.52
2019.06
1523.35
1099.6
736.95
447.502
237.916
134.066
100
100
100
100
100
100
100
100
100
100
100
100
100
100
100
100
100
100
100
100
100
100
100
100
100
100
100
100
100
100
100
110.8
130.65
140.3
130.82
111.504
103.496
105.546
109.711
114.856
115.33
116.334
111.905
107.2
113.05
124.7
124.7
113.65
110.8
119.5
129.8
138.518
131.569
173.011
165.684
227.884
269.535
312.354
